MPASM 5.83  /USERS/ORERUNZY99/MPLABXPROJECTS   12-7-2019  20:11:59         PAGE  1


LOC  OBJECT CODE     LINE SOURCE TEXT
  VALUE

                      00001 ; Sample Code for motion detection and alarm 
                      00002 #include "p16f877.inc"
                      00001         LIST
                      00002 
                      00003 ;==========================================================================
                      00004 ; Build date : Jan 21 2019
                      00005 ;  MPASM PIC16F877 processor include
                      00006 ; 
                      00007 ;  (c) Copyright 1999-2019 Microchip Technology, All rights reserved
                      00008 ;==========================================================================
                      00009 
                      00541         LIST
                      00003 
                      00004 ; CONFIG
                      00005 ; __config 0xFFFB
2007   3FFB           00006  __CONFIG _FOSC_EXTRC & _WDTE_OFF & _PWRTE_OFF & _CP_OFF & _BOREN_ON & _LVP_ON & _CPD_OFF & _WRT_ON
                      00007     
                      00008             LIST P = 16F877         ; target PIC
                      00009             
  00000003            00010 STATUS      EQU     0x03            ; Declare STATUS SFR - Bank0 
  00000006            00011 PORTB       EQU     0x06            ; Declare PORTB SFR  - Bank0 
  00000086            00012 TRISB       EQU     0x86            ; Seclare TRISB SFR  - Bank1 
  00000008            00013 PORTD       EQU     0x08            ; Declare PORTD SFR  - Bank0 
  00000088            00014 TRISD       EQU     0x88            ; Declare TRISD SFR  - Bank1 
                      00015             
  00000005            00016 P0          EQU     0x05
  00000006            00017 P1          EQU     0x06
  00000001            00018 PIR         EQU     0x01
  00000002            00019 BUZ         EQU     0x02
                      00020             
                      00021             CBLOCK          0x20            ; GPR
  00000020            00022                             TEMP            ; declaration of GPR in Bank0
  00000021            00023                             Kount100us
  00000022            00024                             Kount25ms
  00000023            00025                             Kount1s
                      00026             ENDC 
                      00027             
                      00028             ORG     0x0000 
0000   2???           00029             GOTO    START
                      00030             
                      00031             
0001   0000           00032             NOP
0002   0000           00033             NOP
0003   0000           00034             NOP
0004   0000           00035             NOP
                      00036             
0005                  00037 START
0005   1303           00038             bcf     STATUS, P1      ; Select Bank0 or 1
0006   1683           00039             bsf     STATUS, P0      ; Select Bank1
Message[302]: Register in operand not in bank 0.  Ensure that bank bits are correct.
0007   1486           00040             bsf     TRISB, PIR      ; Set TRISB<1>='1' so PORTB<1> is an INPUT
Message[302]: Register in operand not in bank 0.  Ensure that bank bits are correct.
0008   1108           00041             bcf     TRISD, BUZ      ; Set TRISD<2>='0' so PORTD<2> is an OUTPUT
MPASM 5.83  /USERS/ORERUNZY99/MPLABXPROJECTS   12-7-2019  20:11:59         PAGE  2


LOC  OBJECT CODE     LINE SOURCE TEXT
  VALUE

0009   1283           00042             bcf     STATUS, P0      ; Select Bank0 
                      00043             
000A   1108           00044 AGAIN       bcf     PORTD, BUZ      ; Turn PORTD<2> off (alarm off) 
000B   1C86           00045             btfss   PORTB, PIR      ; Does PORTB<1>='0'? YES => (skip next) 
000C   2???           00046             goto    AGAIN           ; => No (Keep monitoring) 
000D   1508           00047             bsf     PORTD, BUZ      ; => Yes (turn on alarm) 
000E   2???           00048             call    Delay1s         ; Delay for one second 
000F   2???           00049             goto    AGAIN           ; keep monitoring
                      00050             
0010                  00051 Delay1s 
0010   3028           00052             movlw           0x28            ; Load d'40 into literal 
0011   00A3           00053             movwf           Kount1s
0012                  00054 R1s         
0012   2???           00055             call            Delay25ms       ; call 25ms delay 40 times 
Message[305]: Using default destination of 1 (file).
0013   0BA3           00056             decfsz          Kount1s
0014   2???           00057             goto            R1s
                      00058                                             ; skip 
0015   0008           00059             return 
                      00060             
                      00061             
0016                  00062 Delay25ms
0016   30FA           00063             movlw           0xFA           ; Load d'250 in Literal 
0017   00A2           00064             movwf           Kount25ms
0018                  00065 R25ms       
0018   2???           00066             call            Delay100us     ; Call 100us delay 250 times 
Message[305]: Using default destination of 1 (file).
0019   0BA2           00067             decfsz          Kount25ms
001A   2???           00068             goto            R25ms 
                      00069                                             ; skip
001B   0008           00070             return 
                      00071            
001C                  00072 Delay100us
001C   30A5           00073             movlw           0xA5            ; Load d'165 into literal
001D   00A1           00074             movwf           Kount100us
001E                  00075 R100us     
Message[305]: Using default destination of 1 (file).
001E   0BA1           00076             decfsz          Kount100us
001F   2???           00077             goto            R100us
                      00078                                             ; skip
0020   0008           00079             return 
                      00080            
0021                  00081 ENDING
3FFB                  00082             END
MPASM 5.83  /USERS/ORERUNZY99/MPLABXPROJECTS   12-7-2019  20:11:59         PAGE  3


SYMBOL TABLE
  LABEL                             VALUE 

ACKDT                             00000005
ACKEN                             00000004
ACKSTAT                           00000006
ADCON0                            0000001F
ADCON1                            0000009F
ADCS0                             00000006
ADCS1                             00000007
ADDEN                             00000003
ADFM                              00000007
ADIE                              00000006
ADIF                              00000006
ADON                              00000000
ADRESH                            0000001E
ADRESL                            0000009E
AGAIN                             0000000A
BCLIE                             00000003
BCLIF                             00000003
BF                                00000000
BRGH                              00000002
BUZ                               00000002
C                                 00000000
CCP1CON                           00000017
CCP1IE                            00000002
CCP1IF                            00000002
CCP1M0                            00000000
CCP1M1                            00000001
CCP1M2                            00000002
CCP1M3                            00000003
CCP1X                             00000005
CCP1Y                             00000004
CCP2CON                           0000001D
CCP2IE                            00000000
CCP2IF                            00000000
CCP2M0                            00000000
CCP2M1                            00000001
CCP2M2                            00000002
CCP2M3                            00000003
CCP2X                             00000005
CCP2Y                             00000004
CCPR1                             00000015
CCPR1H                            00000016
CCPR1L                            00000015
CCPR2                             0000001B
CCPR2H                            0000001C
CCPR2L                            0000001B
CHS0                              00000003
CHS1                              00000004
CHS2                              00000005
CKE                               00000006
CKP                               00000004
CREN                              00000004
CSRC                              00000007
D                                 00000005
MPASM 5.83  /USERS/ORERUNZY99/MPLABXPROJECTS   12-7-2019  20:11:59         PAGE  4


SYMBOL TABLE
  LABEL                             VALUE 

DATA_ADDRESS                      00000005
DC                                00000001
D_A                               00000005
D_NOT_A                           00000005
Delay100us                        0000001C
Delay1s                           00000010
Delay25ms                         00000016
EEADR                             0000010D
EEADRH                            0000010F
EECON1                            0000018C
EECON2                            0000018D
EEDATA                            0000010C
EEDATH                            0000010E
EEIE                              00000004
EEIF                              00000004
EEPGD                             00000007
ENDING                            00000021
F                                 00000001
FERR                              00000002
FSR                               00000004
GCEN                              00000007
GIE                               00000007
GO                                00000002
GO_DONE                           00000002
GO_NOT_DONE                       00000002
I2C_DATA                          00000005
I2C_READ                          00000002
I2C_START                         00000003
I2C_STOP                          00000004
IBF                               00000007
IBOV                              00000005
INDF                              00000000
INTCON                            0000000B
INTE                              00000004
INTEDG                            00000006
INTF                              00000001
IRP                               00000007
Kount100us                        00000021
Kount1s                           00000023
Kount25ms                         00000022
NOT_A                             00000005
NOT_ADDRESS                       00000005
NOT_BO                            00000000
NOT_BOR                           00000000
NOT_DONE                          00000002
NOT_PD                            00000003
NOT_POR                           00000001
NOT_RBPU                          00000007
NOT_RC8                           00000006
NOT_T1SYNC                        00000002
NOT_TO                            00000004
NOT_TX8                           00000006
NOT_W                             00000002
MPASM 5.83  /USERS/ORERUNZY99/MPLABXPROJECTS   12-7-2019  20:11:59         PAGE  5


SYMBOL TABLE
  LABEL                             VALUE 

NOT_WRITE                         00000002
OBF                               00000006
OERR                              00000001
OPTION_REG                        00000081
P                                 00000004
P0                                00000005
P1                                00000006
PCFG0                             00000000
PCFG1                             00000001
PCFG2                             00000002
PCFG3                             00000003
PCL                               00000002
PCLATH                            0000000A
PCON                              0000008E
PEIE                              00000006
PEN                               00000002
PIE1                              0000008C
PIE2                              0000008D
PIR                               00000001
PIR1                              0000000C
PIR2                              0000000D
PORTA                             00000005
PORTB                             00000006
PORTC                             00000007
PORTD                             00000008
PORTE                             00000009
PR2                               00000092
PS0                               00000000
PS1                               00000001
PS2                               00000002
PSA                               00000003
PSPIE                             00000007
PSPIF                             00000007
PSPMODE                           00000004
R                                 00000002
R100us                            0000001E
R1s                               00000012
R25ms                             00000018
RA0                               00000000
RA1                               00000001
RA2                               00000002
RA3                               00000003
RA4                               00000004
RA5                               00000005
RB0                               00000000
RB1                               00000001
RB2                               00000002
RB3                               00000003
RB4                               00000004
RB5                               00000005
RB6                               00000006
RB7                               00000007
RBIE                              00000003
MPASM 5.83  /USERS/ORERUNZY99/MPLABXPROJECTS   12-7-2019  20:11:59         PAGE  6


SYMBOL TABLE
  LABEL                             VALUE 

RBIF                              00000000
RC0                               00000000
RC1                               00000001
RC2                               00000002
RC3                               00000003
RC4                               00000004
RC5                               00000005
RC6                               00000006
RC7                               00000007
RC8_9                             00000006
RC9                               00000006
RCD8                              00000000
RCEN                              00000003
RCIE                              00000005
RCIF                              00000005
RCREG                             0000001A
RCSTA                             00000018
RD                                00000000
RD0                               00000000
RD1                               00000001
RD2                               00000002
RD3                               00000003
RD4                               00000004
RD5                               00000005
RD6                               00000006
RD7                               00000007
RE0                               00000000
RE1                               00000001
RE2                               00000002
READ_WRITE                        00000002
RP0                               00000005
RP1                               00000006
RSEN                              00000001
RX9                               00000006
RX9D                              00000000
R_NOT_W                           00000002
R_W                               00000002
S                                 00000003
SEN                               00000000
SMP                               00000007
SPBRG                             00000099
SPEN                              00000007
SREN                              00000005
SSPADD                            00000093
SSPBUF                            00000013
SSPCON                            00000014
SSPCON2                           00000091
SSPEN                             00000005
SSPIE                             00000003
SSPIF                             00000003
SSPM0                             00000000
SSPM1                             00000001
SSPM2                             00000002
MPASM 5.83  /USERS/ORERUNZY99/MPLABXPROJECTS   12-7-2019  20:11:59         PAGE  7


SYMBOL TABLE
  LABEL                             VALUE 

SSPM3                             00000003
SSPOV                             00000006
SSPSTAT                           00000094
START                             00000005
STATUS                            00000003
SYNC                              00000004
T0CS                              00000005
T0IE                              00000005
T0IF                              00000002
T0SE                              00000004
T1CKPS0                           00000004
T1CKPS1                           00000005
T1CON                             00000010
T1INSYNC                          00000002
T1OSCEN                           00000003
T1SYNC                            00000002
T2CKPS0                           00000000
T2CKPS1                           00000001
T2CON                             00000012
TEMP                              00000020
TMR0                              00000001
TMR0IE                            00000005
TMR0IF                            00000002
TMR1                              0000000E
TMR1CS                            00000001
TMR1H                             0000000F
TMR1IE                            00000000
TMR1IF                            00000000
TMR1L                             0000000E
TMR1ON                            00000000
TMR2                              00000011
TMR2IE                            00000001
TMR2IF                            00000001
TMR2ON                            00000002
TOUTPS0                           00000003
TOUTPS1                           00000004
TOUTPS2                           00000005
TOUTPS3                           00000006
TRISA                             00000085
TRISA0                            00000000
TRISA1                            00000001
TRISA2                            00000002
TRISA3                            00000003
TRISA4                            00000004
TRISA5                            00000005
TRISB                             00000086
TRISB0                            00000000
TRISB1                            00000001
TRISB2                            00000002
TRISB3                            00000003
TRISB4                            00000004
TRISB5                            00000005
TRISB6                            00000006
MPASM 5.83  /USERS/ORERUNZY99/MPLABXPROJECTS   12-7-2019  20:11:59         PAGE  8


SYMBOL TABLE
  LABEL                             VALUE 

TRISB7                            00000007
TRISC                             00000087
TRISC0                            00000000
TRISC1                            00000001
TRISC2                            00000002
TRISC3                            00000003
TRISC4                            00000004
TRISC5                            00000005
TRISC6                            00000006
TRISC7                            00000007
TRISD                             00000088
TRISD0                            00000000
TRISD1                            00000001
TRISD2                            00000002
TRISD3                            00000003
TRISD4                            00000004
TRISD5                            00000005
TRISD6                            00000006
TRISD7                            00000007
TRISE                             00000089
TRISE0                            00000000
TRISE1                            00000001
TRISE2                            00000002
TRMT                              00000001
TX8_9                             00000006
TX9                               00000006
TX9D                              00000000
TXD8                              00000000
TXEN                              00000005
TXIE                              00000004
TXIF                              00000004
TXREG                             00000019
TXSTA                             00000098
UA                                00000001
W                                 00000000
WCOL                              00000007
WR                                00000001
WREN                              00000002
WRERR                             00000003
Z                                 00000002
_BODEN_OFF                        00003FBF
_BODEN_ON                         00003FFF
_BOREN_OFF                        00003FBF
_BOREN_ON                         00003FFF
_CONFIG                           00002007
_CPD_OFF                          00003FFF
_CPD_ON                           00003EFF
_CP_ALL                           00000FCF
_CP_HALF                          00001FDF
_CP_OFF                           00003FFF
_CP_UPPER_256                     00002FEF
_DEBUG_OFF                        00003FFF
_DEBUG_ON                         000037FF
MPASM 5.83  /USERS/ORERUNZY99/MPLABXPROJECTS   12-7-2019  20:11:59         PAGE  9


SYMBOL TABLE
  LABEL                             VALUE 

_DEVID1                           00002006
_FOSC_EXTRC                       00003FFF
_FOSC_HS                          00003FFE
_FOSC_LP                          00003FFC
_FOSC_XT                          00003FFD
_HS_OSC                           00003FFE
_IDLOC0                           00002000
_IDLOC1                           00002001
_IDLOC2                           00002002
_IDLOC3                           00002003
_LP_OSC                           00003FFC
_LVP_OFF                          00003F7F
_LVP_ON                           00003FFF
_PWRTE_OFF                        00003FFF
_PWRTE_ON                         00003FF7
_RC_OSC                           00003FFF
_WDTE_OFF                         00003FFB
_WDTE_ON                          00003FFF
_WDT_OFF                          00003FFB
_WDT_ON                           00003FFF
_WRT_ENABLE_OFF                   00003DFF
_WRT_ENABLE_ON                    00003FFF
_WRT_OFF                          00003DFF
_WRT_ON                           00003FFF
_XT_OSC                           00003FFD
__16F877                          00000001

Errors   :     0
Warnings :     0 reported,     0 suppressed
Messages :     5 reported,     0 suppressed

